This is pdfTeX, Version 3.141592653-2.6-1.40.22 (MiKTeX 21.3) (preloaded format=pdflatex 2021.3.31)  4 JUN 2021 23:04
entering extended mode
**"./Summary Part 2.tex"
(Summary Part 2.tex
LaTeX2e <2020-10-01> patch level 4
L3 programming layer <2021-02-18>
(C:\Users\Vikki\AppData\Local\Programs\MiKTeX\tex/latex/base\article.cls
Document Class: article 2020/04/10 v1.4m Standard LaTeX document class
(C:\Users\Vikki\AppData\Local\Programs\MiKTeX\tex/latex/base\size10.clo
File: size10.clo 2020/04/10 v1.4m Standard LaTeX file (size option)
)
\c@part=\count179
\c@section=\count180
\c@subsection=\count181
\c@subsubsection=\count182
\c@paragraph=\count183
\c@subparagraph=\count184
\c@figure=\count185
\c@table=\count186
\abovecaptionskip=\skip47
\belowcaptionskip=\skip48
\bibindent=\dimen138
)
(C:\Users\Vikki\AppData\Local\Programs\MiKTeX\tex/latex/xcolor\xcolor.sty
Package: xcolor 2016/05/11 v2.12 LaTeX color extensions (UK)

(C:\Users\Vikki\AppData\Local\Programs\MiKTeX\tex/latex/graphics-cfg\color.cfg
File: color.cfg 2016/01/02 v1.6 sample color configuration
)
Package xcolor Info: Driver file: pdftex.def on input line 225.

(C:\Users\Vikki\AppData\Local\Programs\MiKTeX\tex/latex/graphics-def\pdftex.def
File: pdftex.def 2020/10/05 v1.2a Graphics/color driver for pdftex
)
Package xcolor Info: Model `cmy' substituted by `cmy0' on input line 1348.
Package xcolor Info: Model `hsb' substituted by `rgb' on input line 1352.
Package xcolor Info: Model `RGB' extended on input line 1364.
Package xcolor Info: Model `HTML' substituted by `rgb' on input line 1366.
Package xcolor Info: Model `Hsb' substituted by `hsb' on input line 1367.
Package xcolor Info: Model `tHsb' substituted by `hsb' on input line 1368.
Package xcolor Info: Model `HSB' substituted by `hsb' on input line 1369.
Package xcolor Info: Model `Gray' substituted by `gray' on input line 1370.
Package xcolor Info: Model `wave' substituted by `hsb' on input line 1371.
 (C:\Users\Vikki\AppData\Local\Programs\MiKTeX\tex/latex/graphics\dvipsnam.def
File: dvipsnam.def 2016/06/17 v3.0m Driver-dependent file (DPC,SPQR)
))
(C:\Users\Vikki\AppData\Local\Programs\MiKTeX\tex/latex/geometry\geometry.sty
Package: geometry 2020/01/02 v5.9 Page Geometry

(C:\Users\Vikki\AppData\Local\Programs\MiKTeX\tex/latex/graphics\keyval.sty
Package: keyval 2014/10/28 v1.15 key=value parser (DPC)
\KV@toks@=\toks15
)
(C:\Users\Vikki\AppData\Local\Programs\MiKTeX\tex/generic/iftex\ifvtex.sty
Package: ifvtex 2019/10/25 v1.7 ifvtex legacy package. Use iftex instead.

(C:\Users\Vikki\AppData\Local\Programs\MiKTeX\tex/generic/iftex\iftex.sty
Package: iftex 2020/03/06 v1.0d TeX engine tests
))
\Gm@cnth=\count187
\Gm@cntv=\count188
\c@Gm@tempcnt=\count189
\Gm@bindingoffset=\dimen139
\Gm@wd@mp=\dimen140
\Gm@odd@mp=\dimen141
\Gm@even@mp=\dimen142
\Gm@layoutwidth=\dimen143
\Gm@layoutheight=\dimen144
\Gm@layouthoffset=\dimen145
\Gm@layoutvoffset=\dimen146
\Gm@dimlist=\toks16

(C:\Users\Vikki\AppData\Local\Programs\MiKTeX\tex/latex/geometry\geometry.cfg))
(C:\Users\Vikki\AppData\Local\Programs\MiKTeX\tex/latex/amsmath\amsmath.sty
Package: amsmath 2020/09/23 v2.17i AMS math features
\@mathmargin=\skip49

For additional information on amsmath, use the `?' option.
(C:\Users\Vikki\AppData\Local\Programs\MiKTeX\tex/latex/amsmath\amstext.sty
Package: amstext 2000/06/29 v2.01 AMS text

(C:\Users\Vikki\AppData\Local\Programs\MiKTeX\tex/latex/amsmath\amsgen.sty
File: amsgen.sty 1999/11/30 v2.0 generic functions
\@emptytoks=\toks17
\ex@=\dimen147
))
(C:\Users\Vikki\AppData\Local\Programs\MiKTeX\tex/latex/amsmath\amsbsy.sty
Package: amsbsy 1999/11/29 v1.2d Bold Symbols
\pmbraise@=\dimen148
)
(C:\Users\Vikki\AppData\Local\Programs\MiKTeX\tex/latex/amsmath\amsopn.sty
Package: amsopn 2016/03/08 v2.02 operator names
)
\inf@bad=\count190
LaTeX Info: Redefining \frac on input line 234.
\uproot@=\count191
\leftroot@=\count192
LaTeX Info: Redefining \overline on input line 399.
\classnum@=\count193
\DOTSCASE@=\count194
LaTeX Info: Redefining \ldots on input line 496.
LaTeX Info: Redefining \dots on input line 499.
LaTeX Info: Redefining \cdots on input line 620.
\Mathstrutbox@=\box47
\strutbox@=\box48
\big@size=\dimen149
LaTeX Font Info:    Redeclaring font encoding OML on input line 743.
LaTeX Font Info:    Redeclaring font encoding OMS on input line 744.
\macc@depth=\count195
\c@MaxMatrixCols=\count196
\dotsspace@=\muskip16
\c@parentequation=\count197
\dspbrk@lvl=\count198
\tag@help=\toks18
\row@=\count199
\column@=\count266
\maxfields@=\count267
\andhelp@=\toks19
\eqnshift@=\dimen150
\alignsep@=\dimen151
\tagshift@=\dimen152
\tagwidth@=\dimen153
\totwidth@=\dimen154
\lineht@=\dimen155
\@envbody=\toks20
\multlinegap=\skip50
\multlinetaggap=\skip51
\mathdisplay@stack=\toks21
LaTeX Info: Redefining \[ on input line 2923.
LaTeX Info: Redefining \] on input line 2924.
)
(C:\Users\Vikki\AppData\Local\Programs\MiKTeX\tex/latex/l3backend\l3backend-pdf
tex.def
File: l3backend-pdftex.def 2021-03-18 L3 backend support: PDF output (pdfTeX)
\l__color_backend_stack_int=\count268
\l__pdf_internal_box=\box49
) (Summary Part 2.aux)
\openout1 = `"Summary Part 2.aux"'.

LaTeX Font Info:    Checking defaults for OML/cmm/m/it on input line 5.
LaTeX Font Info:    ... okay on input line 5.
LaTeX Font Info:    Checking defaults for OMS/cmsy/m/n on input line 5.
LaTeX Font Info:    ... okay on input line 5.
LaTeX Font Info:    Checking defaults for OT1/cmr/m/n on input line 5.
LaTeX Font Info:    ... okay on input line 5.
LaTeX Font Info:    Checking defaults for T1/cmr/m/n on input line 5.
LaTeX Font Info:    ... okay on input line 5.
LaTeX Font Info:    Checking defaults for TS1/cmr/m/n on input line 5.
LaTeX Font Info:    ... okay on input line 5.
LaTeX Font Info:    Checking defaults for OMX/cmex/m/n on input line 5.
LaTeX Font Info:    ... okay on input line 5.
LaTeX Font Info:    Checking defaults for U/cmr/m/n on input line 5.
LaTeX Font Info:    ... okay on input line 5.

(C:\Users\Vikki\AppData\Local\Programs\MiKTeX\tex/context/base/mkii\supp-pdf.mk
ii
[Loading MPS to PDF converter (version 2006.09.02).]
\scratchcounter=\count269
\scratchdimen=\dimen156
\scratchbox=\box50
\nofMPsegments=\count270
\nofMParguments=\count271
\everyMPshowfont=\toks22
\MPscratchCnt=\count272
\MPscratchDim=\dimen157
\MPnumerator=\count273
\makeMPintoPDFobject=\count274
\everyMPtoPDFconversion=\toks23
)
*geometry* driver: auto-detecting
*geometry* detected driver: pdftex
*geometry* verbose mode - [ preamble ] result:
* driver: pdftex
* paper: a4paper
* layout: <same size as paper>
* layoutoffset:(h,v)=(0.0pt,0.0pt)
* modes: 
* h-part:(L,W,R)=(72.26999pt, 452.9679pt, 72.26999pt)
* v-part:(T,H,B)=(72.26999pt, 700.50687pt, 72.26999pt)
* \paperwidth=597.50787pt
* \paperheight=845.04684pt
* \textwidth=452.9679pt
* \textheight=700.50687pt
* \oddsidemargin=0.0pt
* \evensidemargin=0.0pt
* \topmargin=-37.0pt
* \headheight=12.0pt
* \headsep=25.0pt
* \topskip=10.0pt
* \footskip=30.0pt
* \marginparwidth=57.0pt
* \marginparsep=11.0pt
* \columnsep=10.0pt
* \skip\footins=9.0pt plus 4.0pt minus 2.0pt
* \hoffset=0.0pt
* \voffset=0.0pt
* \mag=1000
* \@twocolumnfalse
* \@twosidefalse
* \@mparswitchfalse
* \@reversemarginfalse
* (1in=72.27pt=25.4mm, 1cm=28.453pt)


Underfull \hbox (badness 10000) in paragraph at lines 9--19

 []


Underfull \hbox (badness 10000) in paragraph at lines 9--19

 []


Underfull \hbox (badness 10000) in paragraph at lines 9--19

 []


Underfull \hbox (badness 10000) in paragraph at lines 9--19

 []


Underfull \hbox (badness 10000) in paragraph at lines 9--19

 []


Underfull \hbox (badness 10000) in paragraph at lines 9--19

 []


Underfull \hbox (badness 10000) in paragraph at lines 9--19

 []


Underfull \hbox (badness 10000) in paragraph at lines 9--19

 []


Underfull \hbox (badness 10000) in paragraph at lines 26--33

 []


Underfull \hbox (badness 10000) in paragraph at lines 26--33

 []


Underfull \hbox (badness 10000) in paragraph at lines 26--33

 []


Underfull \hbox (badness 10000) in paragraph at lines 26--33

 []


Underfull \hbox (badness 10000) in paragraph at lines 26--33

 []


Underfull \hbox (badness 10000) in paragraph at lines 26--33

 []

[1

{C:/Users/Vikki/AppData/Local/MiKTeX/pdftex/config/pdftex.map}]
Underfull \hbox (badness 10000) in paragraph at lines 42--51

 []


Underfull \hbox (badness 10000) in paragraph at lines 42--51

 []


Underfull \hbox (badness 10000) in paragraph at lines 42--51

 []


Underfull \hbox (badness 10000) in paragraph at lines 42--51

 []


Underfull \hbox (badness 10000) in paragraph at lines 42--51

 []


Underfull \hbox (badness 10000) in paragraph at lines 42--51

 []


Underfull \hbox (badness 10000) in paragraph at lines 42--51

 []


Underfull \hbox (badness 10000) in paragraph at lines 42--51

 []

[2]
Underfull \hbox (badness 10000) in paragraph at lines 54--60

 []


Underfull \hbox (badness 10000) in paragraph at lines 54--60

 []


Underfull \hbox (badness 10000) in paragraph at lines 54--60

 []


Underfull \hbox (badness 10000) in paragraph at lines 54--60

 []


Underfull \hbox (badness 10000) in paragraph at lines 54--60

 []


Underfull \hbox (badness 10000) in paragraph at lines 64--65

 []


Underfull \hbox (badness 10000) in paragraph at lines 64--65

 []


Underfull \hbox (badness 10000) in paragraph at lines 66--69

 []


Underfull \hbox (badness 10000) in paragraph at lines 66--69

 []

[3]
Underfull \hbox (badness 10000) in paragraph at lines 106--109

 []


Underfull \hbox (badness 10000) in paragraph at lines 106--109

 []


Underfull \hbox (badness 10000) in paragraph at lines 127--130

 []


Underfull \hbox (badness 10000) in paragraph at lines 127--130

 []


Underfull \hbox (badness 10000) in paragraph at lines 137--139

 []


Underfull \hbox (badness 10000) in paragraph at lines 148--153

 []


Underfull \hbox (badness 10000) in paragraph at lines 148--153

 []


Underfull \hbox (badness 10000) in paragraph at lines 148--153

 []


Underfull \hbox (badness 10000) in paragraph at lines 148--153

 []


Underfull \hbox (badness 10000) in paragraph at lines 148--153

 []


Underfull \hbox (badness 10000) in paragraph at lines 148--153

 []

[4]
Underfull \hbox (badness 10000) in paragraph at lines 161--166

 []


Underfull \hbox (badness 10000) in paragraph at lines 161--166

 []


Underfull \hbox (badness 10000) in paragraph at lines 161--166

 []


Underfull \hbox (badness 10000) in paragraph at lines 161--166

 []


Underfull \hbox (badness 10000) in paragraph at lines 161--166

 []


Underfull \hbox (badness 10000) in paragraph at lines 161--166

 []

[5]
Overfull \hbox (23.79213pt too wide) in paragraph at lines 169--195
 [] 
 []


Underfull \hbox (badness 10000) in paragraph at lines 196--207

 []


Underfull \hbox (badness 10000) in paragraph at lines 196--207

 []


Underfull \hbox (badness 10000) in paragraph at lines 196--207

 []


Underfull \hbox (badness 10000) in paragraph at lines 196--207

 []


Underfull \hbox (badness 10000) in paragraph at lines 196--207

 []


Underfull \hbox (badness 10000) in paragraph at lines 196--207

 []


Underfull \hbox (badness 10000) in paragraph at lines 196--207

 []


Underfull \hbox (badness 10000) in paragraph at lines 196--207

 []


Underfull \hbox (badness 10000) in paragraph at lines 196--207

 []


Underfull \hbox (badness 10000) in paragraph at lines 196--207

 []


Underfull \hbox (badness 10000) in paragraph at lines 196--207

 []


Underfull \hbox (badness 10000) in paragraph at lines 196--207

 []

[6]
Underfull \hbox (badness 10000) in paragraph at lines 208--214

 []


Underfull \hbox (badness 10000) in paragraph at lines 208--214

 []


Underfull \hbox (badness 10000) in paragraph at lines 208--214

 []


Underfull \hbox (badness 10000) in paragraph at lines 208--214

 []


Underfull \hbox (badness 10000) in paragraph at lines 208--214

 []


Underfull \hbox (badness 10000) in paragraph at lines 220--223

 []


Underfull \hbox (badness 10000) in paragraph at lines 220--223

 []


Underfull \hbox (badness 10000) in paragraph at lines 224--226

 []

[7]
Underfull \hbox (badness 10000) in paragraph at lines 251--253

 []

[8]
Overfull \hbox (28.00826pt too wide) in paragraph at lines 277--298
 [] 
 []


Underfull \hbox (badness 10000) in paragraph at lines 299--301

 []


Underfull \hbox (badness 10000) in paragraph at lines 325--327

 []


Underfull \hbox (badness 10000) in paragraph at lines 325--327

 []


Underfull \hbox (badness 10000) in paragraph at lines 325--327

 []

[9]
Underfull \hbox (badness 10000) in paragraph at lines 328--331

 []


Underfull \hbox (badness 10000) in paragraph at lines 328--331

 []


Underfull \hbox (badness 10000) in paragraph at lines 339--343

 []


Underfull \hbox (badness 10000) in paragraph at lines 339--343

 []


Underfull \hbox (badness 10000) in paragraph at lines 339--343

 []

[10]
Underfull \hbox (badness 10000) in paragraph at lines 411--413

 []


Underfull \hbox (badness 10000) in paragraph at lines 422--426

 []


Underfull \hbox (badness 10000) in paragraph at lines 422--426

 []


Underfull \hbox (badness 10000) in paragraph at lines 422--426

 []


Underfull \hbox (badness 10000) in paragraph at lines 422--426

 []


Underfull \hbox (badness 10000) in paragraph at lines 422--426

 []

[11]
Underfull \hbox (badness 10000) in paragraph at lines 433--446

 []


Underfull \hbox (badness 10000) in paragraph at lines 433--446

 []


Underfull \hbox (badness 10000) in paragraph at lines 433--446

 []


Underfull \hbox (badness 10000) in paragraph at lines 433--446

 []


Underfull \hbox (badness 10000) in paragraph at lines 433--446

 []


Underfull \hbox (badness 10000) in paragraph at lines 433--446

 []


Underfull \hbox (badness 10000) in paragraph at lines 433--446

 []


Underfull \hbox (badness 10000) in paragraph at lines 433--446

 []


Underfull \hbox (badness 10000) in paragraph at lines 433--446

 []


Underfull \hbox (badness 10000) in paragraph at lines 451--455

 []


Underfull \hbox (badness 10000) in paragraph at lines 456--460

 []


Underfull \hbox (badness 10000) in paragraph at lines 456--460

 []


Underfull \hbox (badness 10000) in paragraph at lines 456--460

 []

[12]
Underfull \hbox (badness 10000) in paragraph at lines 461--462

 []


Underfull \hbox (badness 10000) in paragraph at lines 465--466

 []


Underfull \hbox (badness 10000) in paragraph at lines 469--470

 []

[13]
Underfull \hbox (badness 10000) in paragraph at lines 511--513

 []


Underfull \hbox (badness 10000) in paragraph at lines 520--524

 []


Underfull \hbox (badness 10000) in paragraph at lines 520--524

 []


Underfull \hbox (badness 10000) in paragraph at lines 520--524

 []


Underfull \hbox (badness 10000) in paragraph at lines 530--536

 []


Underfull \hbox (badness 10000) in paragraph at lines 530--536

 []


Underfull \hbox (badness 10000) in paragraph at lines 530--536

 []


Underfull \hbox (badness 10000) in paragraph at lines 530--536

 []


Underfull \hbox (badness 10000) in paragraph at lines 530--536

 []

[14]
Underfull \hbox (badness 10000) in paragraph at lines 537--544

 []


Underfull \hbox (badness 10000) in paragraph at lines 537--544

 []


Underfull \hbox (badness 10000) in paragraph at lines 537--544

 []


Underfull \hbox (badness 10000) in paragraph at lines 537--544

 []


Underfull \hbox (badness 10000) in paragraph at lines 537--544

 []


Underfull \hbox (badness 10000) in paragraph at lines 537--544

 []


Underfull \hbox (badness 10000) in paragraph at lines 545--552

 []


Underfull \hbox (badness 10000) in paragraph at lines 545--552

 []


Underfull \hbox (badness 10000) in paragraph at lines 545--552

 []


Underfull \hbox (badness 10000) in paragraph at lines 545--552

 []


Underfull \hbox (badness 10000) in paragraph at lines 545--552

 []


Underfull \hbox (badness 10000) in paragraph at lines 545--552

 []


Underfull \hbox (badness 10000) in paragraph at lines 553--560

 []


Underfull \hbox (badness 10000) in paragraph at lines 553--560

 []


Underfull \hbox (badness 10000) in paragraph at lines 553--560

 []


Underfull \hbox (badness 10000) in paragraph at lines 553--560

 []


Underfull \hbox (badness 10000) in paragraph at lines 553--560

 []


Underfull \hbox (badness 10000) in paragraph at lines 553--560

 []

[15]
Underfull \hbox (badness 10000) in paragraph at lines 561--566

 []


Underfull \hbox (badness 10000) in paragraph at lines 561--566

 []


Underfull \hbox (badness 10000) in paragraph at lines 561--566

 []


Underfull \hbox (badness 10000) in paragraph at lines 561--566

 []

[16]
Underfull \hbox (badness 10000) in paragraph at lines 576--578

 []


Underfull \hbox (badness 10000) in paragraph at lines 598--601

 []


Underfull \hbox (badness 10000) in paragraph at lines 598--601

 []


Underfull \hbox (badness 1048) in paragraph at lines 635--636
[]\OT1/cmr/m/n/10 Each VC re-quires a router ta-ble
 []


Underfull \hbox (badness 10000) in paragraph at lines 647--649

 []

[17]
Overfull \hbox (1.97734pt too wide) in paragraph at lines 669--693
 [] 
 []


Underfull \hbox (badness 10000) in paragraph at lines 694--696

 []


Underfull \hbox (badness 10000) in paragraph at lines 703--704

 []


Underfull \hbox (badness 10000) in paragraph at lines 703--704

 []

[18]
Underfull \hbox (badness 10000) in paragraph at lines 705--711

 []


Underfull \hbox (badness 10000) in paragraph at lines 705--711

 []


Underfull \hbox (badness 10000) in paragraph at lines 705--711

 []


Underfull \hbox (badness 10000) in paragraph at lines 705--711

 []


Underfull \hbox (badness 10000) in paragraph at lines 705--711

 []


Underfull \hbox (badness 10000) in paragraph at lines 754--757

 []


Underfull \hbox (badness 10000) in paragraph at lines 754--757

 []


Underfull \hbox (badness 10000) in paragraph at lines 763--765

 []

[19]
Underfull \hbox (badness 10000) in paragraph at lines 774--777

 []


Underfull \hbox (badness 10000) in paragraph at lines 774--777

 []


Underfull \hbox (badness 10000) in paragraph at lines 778--783

 []


Underfull \hbox (badness 10000) in paragraph at lines 778--783

 []


Underfull \hbox (badness 10000) in paragraph at lines 778--783

 []


Underfull \hbox (badness 10000) in paragraph at lines 778--783

 []

[20]
Underfull \hbox (badness 10000) in paragraph at lines 784--787

 []


Underfull \hbox (badness 10000) in paragraph at lines 784--787

 []


Underfull \hbox (badness 10000) in paragraph at lines 793--795

 []


Underfull \hbox (badness 10000) in paragraph at lines 808--810

 []


Underfull \hbox (badness 10000) in paragraph at lines 811--814

 []


Underfull \hbox (badness 10000) in paragraph at lines 811--814

 []

[21]
Underfull \hbox (badness 10000) in paragraph at lines 823--826

 []


Underfull \hbox (badness 10000) in paragraph at lines 823--826

 []

[22]
Underfull \hbox (badness 10000) in paragraph at lines 850--857

 []


Underfull \hbox (badness 10000) in paragraph at lines 850--857

 []


Underfull \hbox (badness 10000) in paragraph at lines 850--857

 []


Underfull \hbox (badness 10000) in paragraph at lines 850--857

 []


Underfull \hbox (badness 10000) in paragraph at lines 850--857

 []


Underfull \hbox (badness 10000) in paragraph at lines 850--857

 []


Underfull \hbox (badness 10000) in paragraph at lines 871--879

 []


Underfull \hbox (badness 10000) in paragraph at lines 871--879

 []


Underfull \hbox (badness 10000) in paragraph at lines 871--879

 []


Underfull \hbox (badness 10000) in paragraph at lines 871--879

 []


Underfull \hbox (badness 10000) in paragraph at lines 871--879

 []


Underfull \hbox (badness 10000) in paragraph at lines 871--879

 []


Underfull \hbox (badness 10000) in paragraph at lines 871--879

 []

[23] [24]
Underfull \hbox (badness 10000) in paragraph at lines 889--893

 []


Underfull \hbox (badness 10000) in paragraph at lines 889--893

 []


Underfull \hbox (badness 10000) in paragraph at lines 889--893

 []


Underfull \hbox (badness 10000) in paragraph at lines 927--929

 []

[25]
Underfull \hbox (badness 10000) in paragraph at lines 938--940

 []


Underfull \hbox (badness 10000) in paragraph at lines 945--948

 []


Underfull \hbox (badness 10000) in paragraph at lines 945--948

 []


Underfull \hbox (badness 10000) in paragraph at lines 945--948

 []


Underfull \hbox (badness 10000) in paragraph at lines 945--948

 []

[26] (Summary Part 2.aux) ) 
Here is how much of TeX's memory you used:
 2601 strings out of 479321
 36036 string characters out of 2856583
 356352 words of memory out of 3000000
 20086 multiletter control sequences out of 15000+600000
 406251 words of font info for 37 fonts, out of 8000000 for 9000
 1141 hyphenation exceptions out of 8191
 68i,8n,74p,607b,214s stack positions out of 5000i,500n,10000p,200000b,80000s
 <C:\Users\Vikki\AppData\Local\MiKTeX\fonts/pk/ljfou
r/jknappen/ec/dpi600\tcrm1000.pk><C:/Users/Vikki/AppData/Local/Programs/MiKTeX/
fonts/type1/public/amsfonts/cm/cmbx10.pfb><C:/Users/Vikki/AppData/Local/Program
s/MiKTeX/fonts/type1/public/amsfonts/cm/cmbx12.pfb><C:/Users/Vikki/AppData/Loca
l/Programs/MiKTeX/fonts/type1/public/amsfonts/cm/cmex10.pfb><C:/Users/Vikki/App
Data/Local/Programs/MiKTeX/fonts/type1/public/amsfonts/cm/cmmi10.pfb><C:/Users/
Vikki/AppData/Local/Programs/MiKTeX/fonts/type1/public/amsfonts/cm/cmmi7.pfb><C
:/Users/Vikki/AppData/Local/Programs/MiKTeX/fonts/type1/public/amsfonts/cm/cmr1
0.pfb><C:/Users/Vikki/AppData/Local/Programs/MiKTeX/fonts/type1/public/amsfonts
/cm/cmr7.pfb><C:/Users/Vikki/AppData/Local/Programs/MiKTeX/fonts/type1/public/a
msfonts/cm/cmsy10.pfb><C:/Users/Vikki/AppData/Local/Programs/MiKTeX/fonts/type1
/public/amsfonts/cm/cmti10.pfb><C:/Users/Vikki/AppData/Local/Programs/MiKTeX/fo
nts/type1/public/amsfonts/cm/cmtt10.pfb>
Output written on "Summary Part 2.pdf" (26 pages, 215787 bytes).
PDF statistics:
 131 PDF objects out of 1000 (max. 8388607)
 0 named destinations out of 1000 (max. 500000)
 1 words of extra memory for PDF output out of 10000 (max. 10000000)

