This is pdfTeX, Version 3.14159265-2.6-1.40.21 (MiKTeX 2.9.7350 64-bit) (preloaded format=pdflatex 2020.4.10)  29 MAR 2021 01:29
entering extended mode
**./Summary.tex
(Summary.tex
LaTeX2e <2020-02-02> patch level 5
L3 programming layer <2020-03-06>
("C:\Users\Vikki Deng\AppData\Local\Programs\MiKTeX 2.9\tex/latex/base\article.
cls"
Document Class: article 2019/12/20 v1.4l Standard LaTeX document class

("C:\Users\Vikki Deng\AppData\Local\Programs\MiKTeX 2.9\tex/latex/base\size10.c
lo"
File: size10.clo 2019/12/20 v1.4l Standard LaTeX file (size option)
)
\c@part=\count167
\c@section=\count168
\c@subsection=\count169
\c@subsubsection=\count170
\c@paragraph=\count171
\c@subparagraph=\count172
\c@figure=\count173
\c@table=\count174
\abovecaptionskip=\skip47
\belowcaptionskip=\skip48
\bibindent=\dimen134
)
("C:\Users\Vikki Deng\AppData\Local\Programs\MiKTeX 2.9\tex/latex/xcolor\xcolor
.sty"
Package: xcolor 2016/05/11 v2.12 LaTeX color extensions (UK)

("C:\Users\Vikki Deng\AppData\Local\Programs\MiKTeX 2.9\tex/latex/graphics-cfg\
color.cfg"
File: color.cfg 2016/01/02 v1.6 sample color configuration
)
Package xcolor Info: Driver file: pdftex.def on input line 225.

("C:\Users\Vikki Deng\AppData\Local\Programs\MiKTeX 2.9\tex/latex/graphics-def\
pdftex.def"
File: pdftex.def 2018/01/08 v1.0l Graphics/color driver for pdftex
)
Package xcolor Info: Model `cmy' substituted by `cmy0' on input line 1348.
Package xcolor Info: Model `hsb' substituted by `rgb' on input line 1352.
Package xcolor Info: Model `RGB' extended on input line 1364.
Package xcolor Info: Model `HTML' substituted by `rgb' on input line 1366.
Package xcolor Info: Model `Hsb' substituted by `hsb' on input line 1367.
Package xcolor Info: Model `tHsb' substituted by `hsb' on input line 1368.
Package xcolor Info: Model `HSB' substituted by `hsb' on input line 1369.
Package xcolor Info: Model `Gray' substituted by `gray' on input line 1370.
Package xcolor Info: Model `wave' substituted by `hsb' on input line 1371.

("C:\Users\Vikki Deng\AppData\Local\Programs\MiKTeX 2.9\tex/latex/graphics\dvip
snam.def"
File: dvipsnam.def 2016/06/17 v3.0m Driver-dependent file (DPC,SPQR)
))
("C:\Users\Vikki Deng\AppData\Local\Programs\MiKTeX 2.9\tex/latex/geometry\geom
etry.sty"
Package: geometry 2020/01/02 v5.9 Page Geometry

("C:\Users\Vikki Deng\AppData\Local\Programs\MiKTeX 2.9\tex/latex/graphics\keyv
al.sty"
Package: keyval 2014/10/28 v1.15 key=value parser (DPC)
\KV@toks@=\toks15
)
("C:\Users\Vikki Deng\AppData\Local\Programs\MiKTeX 2.9\tex/generic/iftex\ifvte
x.sty"
Package: ifvtex 2019/10/25 v1.7 ifvtex legacy package. Use iftex instead.

("C:\Users\Vikki Deng\AppData\Local\Programs\MiKTeX 2.9\tex/generic/iftex\iftex
.sty"
Package: iftex 2020/03/06 v1.0d TeX engine tests
))
\Gm@cnth=\count175
\Gm@cntv=\count176
\c@Gm@tempcnt=\count177
\Gm@bindingoffset=\dimen135
\Gm@wd@mp=\dimen136
\Gm@odd@mp=\dimen137
\Gm@even@mp=\dimen138
\Gm@layoutwidth=\dimen139
\Gm@layoutheight=\dimen140
\Gm@layouthoffset=\dimen141
\Gm@layoutvoffset=\dimen142
\Gm@dimlist=\toks16

("C:\Users\Vikki Deng\AppData\Local\Programs\MiKTeX 2.9\tex/latex/geometry\geom
etry.cfg"))
("C:\Users\Vikki Deng\AppData\Local\Programs\MiKTeX 2.9\tex/latex/l3backend\l3b
ackend-pdfmode.def"
File: l3backend-pdfmode.def 2020-03-12 L3 backend support: PDF mode
\l__kernel_color_stack_int=\count178
\l__pdf_internal_box=\box45
) (Summary.aux)
\openout1 = `Summary.aux'.

LaTeX Font Info:    Checking defaults for OML/cmm/m/it on input line 7.
LaTeX Font Info:    ... okay on input line 7.
LaTeX Font Info:    Checking defaults for OMS/cmsy/m/n on input line 7.
LaTeX Font Info:    ... okay on input line 7.
LaTeX Font Info:    Checking defaults for OT1/cmr/m/n on input line 7.
LaTeX Font Info:    ... okay on input line 7.
LaTeX Font Info:    Checking defaults for T1/cmr/m/n on input line 7.
LaTeX Font Info:    ... okay on input line 7.
LaTeX Font Info:    Checking defaults for TS1/cmr/m/n on input line 7.
LaTeX Font Info:    ... okay on input line 7.
LaTeX Font Info:    Checking defaults for OMX/cmex/m/n on input line 7.
LaTeX Font Info:    ... okay on input line 7.
LaTeX Font Info:    Checking defaults for U/cmr/m/n on input line 7.
LaTeX Font Info:    ... okay on input line 7.

("C:\Users\Vikki Deng\AppData\Local\Programs\MiKTeX 2.9\tex/context/base/mkii\s
upp-pdf.mkii"
[Loading MPS to PDF converter (version 2006.09.02).]
\scratchcounter=\count179
\scratchdimen=\dimen143
\scratchbox=\box46
\nofMPsegments=\count180
\nofMParguments=\count181
\everyMPshowfont=\toks17
\MPscratchCnt=\count182
\MPscratchDim=\dimen144
\MPnumerator=\count183
\makeMPintoPDFobject=\count184
\everyMPtoPDFconversion=\toks18
)
*geometry* driver: auto-detecting
*geometry* detected driver: pdftex
*geometry* verbose mode - [ preamble ] result:
* driver: pdftex
* paper: a4paper
* layout: <same size as paper>
* layoutoffset:(h,v)=(0.0pt,0.0pt)
* modes: 
* h-part:(L,W,R)=(72.26999pt, 452.9679pt, 72.26999pt)
* v-part:(T,H,B)=(72.26999pt, 700.50687pt, 72.26999pt)
* \paperwidth=597.50787pt
* \paperheight=845.04684pt
* \textwidth=452.9679pt
* \textheight=700.50687pt
* \oddsidemargin=0.0pt
* \evensidemargin=0.0pt
* \topmargin=-37.0pt
* \headheight=12.0pt
* \headsep=25.0pt
* \topskip=10.0pt
* \footskip=30.0pt
* \marginparwidth=57.0pt
* \marginparsep=11.0pt
* \columnsep=10.0pt
* \skip\footins=9.0pt plus 4.0pt minus 2.0pt
* \hoffset=0.0pt
* \voffset=0.0pt
* \mag=1000
* \@twocolumnfalse
* \@twosidefalse
* \@mparswitchfalse
* \@reversemarginfalse
* (1in=72.27pt=25.4mm, 1cm=28.453pt)


Underfull \hbox (badness 10000) in paragraph at lines 10--13

 []


Underfull \hbox (badness 10000) in paragraph at lines 20--24

 []


Underfull \hbox (badness 10000) in paragraph at lines 20--24

 []


Underfull \hbox (badness 10000) in paragraph at lines 20--24

 []


Underfull \hbox (badness 10000) in paragraph at lines 36--39

 []


Underfull \hbox (badness 10000) in paragraph at lines 43--46

 []


Underfull \hbox (badness 10000) in paragraph at lines 49--50

 []


Underfull \hbox (badness 10000) in paragraph at lines 51--59

 []


Underfull \hbox (badness 10000) in paragraph at lines 51--59

 []


Underfull \hbox (badness 10000) in paragraph at lines 51--59

 []

[1

{C:/Users/Vikki Deng/AppData/Local/MiKTeX/2.9/pdftex/config/pdftex.map}]
Underfull \hbox (badness 10000) in paragraph at lines 67--70

 []


Underfull \hbox (badness 10000) in paragraph at lines 67--70

 []


Underfull \hbox (badness 10000) in paragraph at lines 76--78

 []


Underfull \hbox (badness 10000) in paragraph at lines 76--78

 []


Underfull \hbox (badness 10000) in paragraph at lines 76--78

 []

[2]
Underfull \hbox (badness 10000) in paragraph at lines 85--94

 []


Underfull \hbox (badness 10000) in paragraph at lines 85--94

 []


Underfull \hbox (badness 10000) in paragraph at lines 85--94

 []


Underfull \hbox (badness 10000) in paragraph at lines 85--94

 []


Underfull \hbox (badness 10000) in paragraph at lines 85--94

 []


Underfull \hbox (badness 10000) in paragraph at lines 85--94

 []


Underfull \hbox (badness 10000) in paragraph at lines 85--94

 []


Underfull \hbox (badness 10000) in paragraph at lines 85--94

 []

LaTeX Font Info:    External font `cmex10' loaded for size
(Font)              <7> on input line 97.
LaTeX Font Info:    External font `cmex10' loaded for size
(Font)              <5> on input line 97.
[3]
Underfull \hbox (badness 10000) in paragraph at lines 126--128

 []


Underfull \hbox (badness 10000) in paragraph at lines 147--149

 []


Underfull \hbox (badness 10000) in paragraph at lines 150--153

 []


Underfull \hbox (badness 10000) in paragraph at lines 150--153

 []


Underfull \hbox (badness 10000) in paragraph at lines 159--161

 []


Underfull \hbox (badness 10000) in paragraph at lines 166--167

 []


Underfull \hbox (badness 10000) in paragraph at lines 166--167

 []

[4]
Underfull \hbox (badness 10000) in paragraph at lines 168--171

 []


Underfull \hbox (badness 10000) in paragraph at lines 168--171

 []


Underfull \hbox (badness 10000) in paragraph at lines 178--180

 []


Underfull \hbox (badness 10000) in paragraph at lines 186--190

 []


Underfull \hbox (badness 10000) in paragraph at lines 186--190

 []


Underfull \hbox (badness 10000) in paragraph at lines 186--190

 []


Underfull \hbox (badness 10000) in paragraph at lines 193--194

 []


Underfull \hbox (badness 10000) in paragraph at lines 200--201

 []

[5]
Underfull \hbox (badness 10000) in paragraph at lines 203--211

 []


Underfull \hbox (badness 10000) in paragraph at lines 203--211

 []


Underfull \hbox (badness 10000) in paragraph at lines 203--211

 []


Underfull \hbox (badness 10000) in paragraph at lines 203--211

 []


Underfull \hbox (badness 10000) in paragraph at lines 203--211

 []


Underfull \hbox (badness 10000) in paragraph at lines 203--211

 []


Underfull \hbox (badness 10000) in paragraph at lines 203--211

 []


Underfull \hbox (badness 10000) in paragraph at lines 212--214

 []


Underfull \hbox (badness 10000) in paragraph at lines 221--244

 []


Underfull \hbox (badness 10000) in paragraph at lines 221--244

 []


Underfull \hbox (badness 10000) in paragraph at lines 221--244

 []


Underfull \hbox (badness 10000) in paragraph at lines 221--244

 []


Underfull \hbox (badness 10000) in paragraph at lines 221--244

 []


Underfull \hbox (badness 10000) in paragraph at lines 221--244

 []


Underfull \hbox (badness 10000) in paragraph at lines 221--244

 []


Underfull \hbox (badness 10000) in paragraph at lines 221--244

 []


Underfull \hbox (badness 10000) in paragraph at lines 221--244

 []


Underfull \hbox (badness 10000) in paragraph at lines 221--244

 []

[6]
Underfull \hbox (badness 10000) in paragraph at lines 278--290

 []


Underfull \hbox (badness 10000) in paragraph at lines 297--317

 []


Underfull \hbox (badness 10000) in paragraph at lines 297--317

 []


Underfull \hbox (badness 10000) in paragraph at lines 297--317

 []


Underfull \hbox (badness 10000) in paragraph at lines 297--317

 []


Underfull \hbox (badness 10000) in paragraph at lines 297--317

 []


Underfull \hbox (badness 10000) in paragraph at lines 297--317

 []


Underfull \hbox (badness 10000) in paragraph at lines 297--317

 []


Underfull \hbox (badness 10000) in paragraph at lines 297--317

 []


Underfull \hbox (badness 10000) in paragraph at lines 297--317

 []


Underfull \hbox (badness 10000) in paragraph at lines 297--317

 []


Underfull \hbox (badness 10000) in paragraph at lines 297--317

 []


Underfull \hbox (badness 10000) in paragraph at lines 297--317

 []


Underfull \hbox (badness 10000) in paragraph at lines 297--317

 []


Underfull \hbox (badness 10000) in paragraph at lines 297--317

 []


Underfull \hbox (badness 10000) in paragraph at lines 297--317

 []

[7]
Underfull \hbox (badness 10000) in paragraph at lines 323--328

 []


Underfull \hbox (badness 10000) in paragraph at lines 323--328

 []


Underfull \hbox (badness 10000) in paragraph at lines 323--328

 []


Underfull \hbox (badness 10000) in paragraph at lines 323--328

 []


Underfull \hbox (badness 10000) in paragraph at lines 323--328

 []


Underfull \hbox (badness 10000) in paragraph at lines 323--328

 []


Underfull \hbox (badness 10000) in paragraph at lines 329--349

 []


Underfull \hbox (badness 10000) in paragraph at lines 329--349

 []


Underfull \hbox (badness 10000) in paragraph at lines 329--349

 []


Underfull \hbox (badness 10000) in paragraph at lines 329--349

 []


Underfull \hbox (badness 10000) in paragraph at lines 329--349

 []


Underfull \hbox (badness 10000) in paragraph at lines 329--349

 []


Underfull \hbox (badness 10000) in paragraph at lines 329--349

 []


Underfull \hbox (badness 10000) in paragraph at lines 329--349

 []


Underfull \hbox (badness 10000) in paragraph at lines 329--349

 []


Underfull \hbox (badness 10000) in paragraph at lines 329--349

 []


Underfull \hbox (badness 10000) in paragraph at lines 329--349

 []


Underfull \hbox (badness 10000) in paragraph at lines 329--349

 []


Underfull \hbox (badness 10000) in paragraph at lines 329--349

 []

[8]
Underfull \hbox (badness 10000) in paragraph at lines 350--356

 []


Underfull \hbox (badness 10000) in paragraph at lines 350--356

 []


Underfull \hbox (badness 10000) in paragraph at lines 350--356

 []


Underfull \hbox (badness 10000) in paragraph at lines 350--356

 []


Underfull \hbox (badness 10000) in paragraph at lines 350--356

 []

[9]
Underfull \hbox (badness 10000) in paragraph at lines 362--372

 []


Underfull \hbox (badness 10000) in paragraph at lines 362--372

 []


Underfull \hbox (badness 10000) in paragraph at lines 362--372

 []


Underfull \hbox (badness 10000) in paragraph at lines 362--372

 []


Underfull \hbox (badness 10000) in paragraph at lines 362--372

 []


Underfull \hbox (badness 10000) in paragraph at lines 362--372

 []


Underfull \hbox (badness 10000) in paragraph at lines 362--372

 []


Underfull \hbox (badness 10000) in paragraph at lines 382--385

 []


Underfull \hbox (badness 10000) in paragraph at lines 382--385

 []


Underfull \hbox (badness 10000) in paragraph at lines 382--385

 []


Underfull \hbox (badness 10000) in paragraph at lines 382--385

 []


Underfull \hbox (badness 10000) in paragraph at lines 386--396

 []


Underfull \hbox (badness 10000) in paragraph at lines 386--396

 []


Underfull \hbox (badness 10000) in paragraph at lines 386--396

 []


Underfull \hbox (badness 10000) in paragraph at lines 386--396

 []


Underfull \hbox (badness 10000) in paragraph at lines 386--396

 []


Underfull \hbox (badness 10000) in paragraph at lines 386--396

 []

[10]
Underfull \hbox (badness 10000) in paragraph at lines 397--401

 []


Underfull \hbox (badness 10000) in paragraph at lines 397--401

 []


Underfull \hbox (badness 10000) in paragraph at lines 406--408

 []

[11]
Underfull \hbox (badness 10000) in paragraph at lines 410--416

 []


Underfull \hbox (badness 10000) in paragraph at lines 410--416

 []


Underfull \hbox (badness 10000) in paragraph at lines 410--416

 []


Underfull \hbox (badness 10000) in paragraph at lines 410--416

 []


Underfull \hbox (badness 10000) in paragraph at lines 410--416

 []


Underfull \hbox (badness 10000) in paragraph at lines 432--440

 []


Underfull \hbox (badness 10000) in paragraph at lines 432--440

 []

[12] (Summary.aux) ) 
Here is how much of TeX's memory you used:
 1921 strings out of 480934
 27806 string characters out of 2897575
 286153 words of memory out of 3000000
 17829 multiletter control sequences out of 15000+200000
 534705 words of font info for 32 fonts, out of 3000000 for 9000
 1141 hyphenation exceptions out of 8191
 30i,12n,37p,640b,203s stack positions out of 5000i,500n,10000p,200000b,50000s
 <C:\Users\Vikki Deng\AppData\Local\MiKTeX\2.9\fonts/pk/ljf
our/jknappen/ec/dpi600\tcrm1000.pk><C:/Users/Vikki Deng/AppData/Local/Programs/
MiKTeX 2.9/fonts/type1/public/amsfonts/cm/cmbx10.pfb><C:/Users/Vikki Deng/AppDa
ta/Local/Programs/MiKTeX 2.9/fonts/type1/public/amsfonts/cm/cmbx12.pfb><C:/User
s/Vikki Deng/AppData/Local/Programs/MiKTeX 2.9/fonts/type1/public/amsfonts/cm/c
mmi10.pfb><C:/Users/Vikki Deng/AppData/Local/Programs/MiKTeX 2.9/fonts/type1/pu
blic/amsfonts/cm/cmmi7.pfb><C:/Users/Vikki Deng/AppData/Local/Programs/MiKTeX 2
.9/fonts/type1/public/amsfonts/cm/cmr10.pfb><C:/Users/Vikki Deng/AppData/Local/
Programs/MiKTeX 2.9/fonts/type1/public/amsfonts/cm/cmsy10.pfb><C:/Users/Vikki D
eng/AppData/Local/Programs/MiKTeX 2.9/fonts/type1/public/amsfonts/cm/cmti10.pfb
><C:/Users/Vikki Deng/AppData/Local/Programs/MiKTeX 2.9/fonts/type1/public/amsf
onts/cm/cmtt10.pfb>
Output written on Summary.pdf (12 pages, 159120 bytes).
PDF statistics:
 78 PDF objects out of 1000 (max. 8388607)
 0 named destinations out of 1000 (max. 500000)
 1 words of extra memory for PDF output out of 10000 (max. 10000000)

