This is pdfTeX, Version 3.14159265-2.6-1.40.21 (MiKTeX 2.9.7350 64-bit) (preloaded format=pdflatex 2020.4.10)  9 NOV 2020 21:34
entering extended mode
**./Summary2.tex
(Summary2.tex
LaTeX2e <2020-02-02> patch level 5
L3 programming layer <2020-03-06>
("C:\Users\Vikki Deng\AppData\Local\Programs\MiKTeX 2.9\tex/latex/base\article.
cls"
Document Class: article 2019/12/20 v1.4l Standard LaTeX document class

("C:\Users\Vikki Deng\AppData\Local\Programs\MiKTeX 2.9\tex/latex/base\size10.c
lo"
File: size10.clo 2019/12/20 v1.4l Standard LaTeX file (size option)
)
\c@part=\count167
\c@section=\count168
\c@subsection=\count169
\c@subsubsection=\count170
\c@paragraph=\count171
\c@subparagraph=\count172
\c@figure=\count173
\c@table=\count174
\abovecaptionskip=\skip47
\belowcaptionskip=\skip48
\bibindent=\dimen134
)
("C:\Users\Vikki Deng\AppData\Local\Programs\MiKTeX 2.9\tex/latex/xcolor\xcolor
.sty"
Package: xcolor 2016/05/11 v2.12 LaTeX color extensions (UK)

("C:\Users\Vikki Deng\AppData\Local\Programs\MiKTeX 2.9\tex/latex/graphics-cfg\
color.cfg"
File: color.cfg 2016/01/02 v1.6 sample color configuration
)
Package xcolor Info: Driver file: pdftex.def on input line 225.

("C:\Users\Vikki Deng\AppData\Local\Programs\MiKTeX 2.9\tex/latex/graphics-def\
pdftex.def"
File: pdftex.def 2018/01/08 v1.0l Graphics/color driver for pdftex
)
Package xcolor Info: Model `cmy' substituted by `cmy0' on input line 1348.
Package xcolor Info: Model `hsb' substituted by `rgb' on input line 1352.
Package xcolor Info: Model `RGB' extended on input line 1364.
Package xcolor Info: Model `HTML' substituted by `rgb' on input line 1366.
Package xcolor Info: Model `Hsb' substituted by `hsb' on input line 1367.
Package xcolor Info: Model `tHsb' substituted by `hsb' on input line 1368.
Package xcolor Info: Model `HSB' substituted by `hsb' on input line 1369.
Package xcolor Info: Model `Gray' substituted by `gray' on input line 1370.
Package xcolor Info: Model `wave' substituted by `hsb' on input line 1371.

("C:\Users\Vikki Deng\AppData\Local\Programs\MiKTeX 2.9\tex/latex/graphics\dvip
snam.def"
File: dvipsnam.def 2016/06/17 v3.0m Driver-dependent file (DPC,SPQR)
))
("C:\Users\Vikki Deng\AppData\Local\Programs\MiKTeX 2.9\tex/latex/geometry\geom
etry.sty"
Package: geometry 2020/01/02 v5.9 Page Geometry

("C:\Users\Vikki Deng\AppData\Local\Programs\MiKTeX 2.9\tex/latex/graphics\keyv
al.sty"
Package: keyval 2014/10/28 v1.15 key=value parser (DPC)
\KV@toks@=\toks15
)
("C:\Users\Vikki Deng\AppData\Local\Programs\MiKTeX 2.9\tex/generic/iftex\ifvte
x.sty"
Package: ifvtex 2019/10/25 v1.7 ifvtex legacy package. Use iftex instead.

("C:\Users\Vikki Deng\AppData\Local\Programs\MiKTeX 2.9\tex/generic/iftex\iftex
.sty"
Package: iftex 2020/03/06 v1.0d TeX engine tests
))
\Gm@cnth=\count175
\Gm@cntv=\count176
\c@Gm@tempcnt=\count177
\Gm@bindingoffset=\dimen135
\Gm@wd@mp=\dimen136
\Gm@odd@mp=\dimen137
\Gm@even@mp=\dimen138
\Gm@layoutwidth=\dimen139
\Gm@layoutheight=\dimen140
\Gm@layouthoffset=\dimen141
\Gm@layoutvoffset=\dimen142
\Gm@dimlist=\toks16

("C:\Users\Vikki Deng\AppData\Local\Programs\MiKTeX 2.9\tex/latex/geometry\geom
etry.cfg"))
("C:\Users\Vikki Deng\AppData\Local\Programs\MiKTeX 2.9\tex/latex/amsmath\amsma
th.sty"
Package: amsmath 2020/01/20 v2.17e AMS math features
\@mathmargin=\skip49

For additional information on amsmath, use the `?' option.

("C:\Users\Vikki Deng\AppData\Local\Programs\MiKTeX 2.9\tex/latex/amsmath\amste
xt.sty"
Package: amstext 2000/06/29 v2.01 AMS text

("C:\Users\Vikki Deng\AppData\Local\Programs\MiKTeX 2.9\tex/latex/amsmath\amsge
n.sty"
File: amsgen.sty 1999/11/30 v2.0 generic functions
\@emptytoks=\toks17
\ex@=\dimen143
))
("C:\Users\Vikki Deng\AppData\Local\Programs\MiKTeX 2.9\tex/latex/amsmath\amsbs
y.sty"
Package: amsbsy 1999/11/29 v1.2d Bold Symbols
\pmbraise@=\dimen144
)
("C:\Users\Vikki Deng\AppData\Local\Programs\MiKTeX 2.9\tex/latex/amsmath\amsop
n.sty"
Package: amsopn 2016/03/08 v2.02 operator names
)
\inf@bad=\count178
LaTeX Info: Redefining \frac on input line 227.
\uproot@=\count179
\leftroot@=\count180
LaTeX Info: Redefining \overline on input line 389.
\classnum@=\count181
\DOTSCASE@=\count182
LaTeX Info: Redefining \ldots on input line 486.
LaTeX Info: Redefining \dots on input line 489.
LaTeX Info: Redefining \cdots on input line 610.
\Mathstrutbox@=\box45
\strutbox@=\box46
\big@size=\dimen145
LaTeX Font Info:    Redeclaring font encoding OML on input line 733.
LaTeX Font Info:    Redeclaring font encoding OMS on input line 734.
\macc@depth=\count183
\c@MaxMatrixCols=\count184
\dotsspace@=\muskip16
\c@parentequation=\count185
\dspbrk@lvl=\count186
\tag@help=\toks18
\row@=\count187
\column@=\count188
\maxfields@=\count189
\andhelp@=\toks19
\eqnshift@=\dimen146
\alignsep@=\dimen147
\tagshift@=\dimen148
\tagwidth@=\dimen149
\totwidth@=\dimen150
\lineht@=\dimen151
\@envbody=\toks20
\multlinegap=\skip50
\multlinetaggap=\skip51
\mathdisplay@stack=\toks21
LaTeX Info: Redefining \[ on input line 2859.
LaTeX Info: Redefining \] on input line 2860.
)
("C:\Users\Vikki Deng\AppData\Local\Programs\MiKTeX 2.9\tex/latex/amsfonts\amss
ymb.sty"
Package: amssymb 2013/01/14 v3.01 AMS font symbols

("C:\Users\Vikki Deng\AppData\Local\Programs\MiKTeX 2.9\tex/latex/amsfonts\amsf
onts.sty"
Package: amsfonts 2013/01/14 v3.01 Basic AMSFonts support
\symAMSa=\mathgroup4
\symAMSb=\mathgroup5
LaTeX Font Info:    Redeclaring math symbol \hbar on input line 98.
LaTeX Font Info:    Overwriting math alphabet `\mathfrak' in version `bold'
(Font)                  U/euf/m/n --> U/euf/b/n on input line 106.
))
("C:\Users\Vikki Deng\AppData\Local\Programs\MiKTeX 2.9\tex/latex/graphics\grap
hicx.sty"
Package: graphicx 2019/11/30 v1.2a Enhanced LaTeX Graphics (DPC,SPQR)

("C:\Users\Vikki Deng\AppData\Local\Programs\MiKTeX 2.9\tex/latex/graphics\grap
hics.sty"
Package: graphics 2019/11/30 v1.4a Standard LaTeX Graphics (DPC,SPQR)

("C:\Users\Vikki Deng\AppData\Local\Programs\MiKTeX 2.9\tex/latex/graphics\trig
.sty"
Package: trig 2016/01/03 v1.10 sin cos tan (DPC)
)
("C:\Users\Vikki Deng\AppData\Local\Programs\MiKTeX 2.9\tex/latex/graphics-cfg\
graphics.cfg"
File: graphics.cfg 2016/06/04 v1.11 sample graphics configuration
)
Package graphics Info: Driver file: pdftex.def on input line 105.
)
\Gin@req@height=\dimen152
\Gin@req@width=\dimen153
)
("C:\Users\Vikki Deng\AppData\Local\Programs\MiKTeX 2.9\tex/latex/l3backend\l3b
ackend-pdfmode.def"
File: l3backend-pdfmode.def 2020-03-12 L3 backend support: PDF mode
\l__kernel_color_stack_int=\count190
\l__pdf_internal_box=\box47
) (Summary2.aux

LaTeX Warning: Label `fig' multiply defined.


LaTeX Warning: Label `fig' multiply defined.


LaTeX Warning: Label `fig' multiply defined.


LaTeX Warning: Label `fig' multiply defined.

)
\openout1 = `Summary2.aux'.

LaTeX Font Info:    Checking defaults for OML/cmm/m/it on input line 9.
LaTeX Font Info:    ... okay on input line 9.
LaTeX Font Info:    Checking defaults for OMS/cmsy/m/n on input line 9.
LaTeX Font Info:    ... okay on input line 9.
LaTeX Font Info:    Checking defaults for OT1/cmr/m/n on input line 9.
LaTeX Font Info:    ... okay on input line 9.
LaTeX Font Info:    Checking defaults for T1/cmr/m/n on input line 9.
LaTeX Font Info:    ... okay on input line 9.
LaTeX Font Info:    Checking defaults for TS1/cmr/m/n on input line 9.
LaTeX Font Info:    ... okay on input line 9.
LaTeX Font Info:    Checking defaults for OMX/cmex/m/n on input line 9.
LaTeX Font Info:    ... okay on input line 9.
LaTeX Font Info:    Checking defaults for U/cmr/m/n on input line 9.
LaTeX Font Info:    ... okay on input line 9.

("C:\Users\Vikki Deng\AppData\Local\Programs\MiKTeX 2.9\tex/context/base/mkii\s
upp-pdf.mkii"
[Loading MPS to PDF converter (version 2006.09.02).]
\scratchcounter=\count191
\scratchdimen=\dimen154
\scratchbox=\box48
\nofMPsegments=\count192
\nofMParguments=\count193
\everyMPshowfont=\toks22
\MPscratchCnt=\count194
\MPscratchDim=\dimen155
\MPnumerator=\count195
\makeMPintoPDFobject=\count196
\everyMPtoPDFconversion=\toks23
)
("C:\Users\Vikki Deng\AppData\Local\Programs\MiKTeX 2.9\tex/latex/epstopdf-pkg\
epstopdf-base.sty"
Package: epstopdf-base 2020-01-24 v2.11 Base part for package epstopdf
Package epstopdf-base Info: Redefining graphics rule for `.eps' on input line 4
85.
)
*geometry* driver: auto-detecting
*geometry* detected driver: pdftex
*geometry* verbose mode - [ preamble ] result:
* driver: pdftex
* paper: a4paper
* layout: <same size as paper>
* layoutoffset:(h,v)=(0.0pt,0.0pt)
* modes: 
* h-part:(L,W,R)=(72.26999pt, 452.9679pt, 72.26999pt)
* v-part:(T,H,B)=(72.26999pt, 700.50687pt, 72.26999pt)
* \paperwidth=597.50787pt
* \paperheight=845.04684pt
* \textwidth=452.9679pt
* \textheight=700.50687pt
* \oddsidemargin=0.0pt
* \evensidemargin=0.0pt
* \topmargin=-37.0pt
* \headheight=12.0pt
* \headsep=25.0pt
* \topskip=10.0pt
* \footskip=30.0pt
* \marginparwidth=57.0pt
* \marginparsep=11.0pt
* \columnsep=10.0pt
* \skip\footins=9.0pt plus 4.0pt minus 2.0pt
* \hoffset=0.0pt
* \voffset=0.0pt
* \mag=1000
* \@twocolumnfalse
* \@twosidefalse
* \@mparswitchfalse
* \@reversemarginfalse
* (1in=72.27pt=25.4mm, 1cm=28.453pt)


Underfull \hbox (badness 10000) in paragraph at lines 12--13

 []

LaTeX Font Info:    Trying to load font information for U+msa on input line 13.


("C:\Users\Vikki Deng\AppData\Local\Programs\MiKTeX 2.9\tex/latex/amsfonts\umsa
.fd"
File: umsa.fd 2013/01/14 v3.01 AMS symbols A
)
LaTeX Font Info:    Trying to load font information for U+msb on input line 13.


("C:\Users\Vikki Deng\AppData\Local\Programs\MiKTeX 2.9\tex/latex/amsfonts\umsb
.fd"
File: umsb.fd 2013/01/14 v3.01 AMS symbols B
)
Underfull \hbox (badness 10000) in paragraph at lines 15--18

 []


Underfull \hbox (badness 10000) in paragraph at lines 15--18

 []


Underfull \hbox (badness 10000) in paragraph at lines 20--24

 []

LaTeX Font Info:    Trying to load font information for OMS+cmr on input line 2
7.

("C:\Users\Vikki Deng\AppData\Local\Programs\MiKTeX 2.9\tex/latex/base\omscmr.f
d"
File: omscmr.fd 2019/12/16 v2.5j Standard LaTeX font definitions
)
LaTeX Font Info:    Font shape `OMS/cmr/m/n' in size <10> not available
(Font)              Font shape `OMS/cmsy/m/n' tried instead on input line 27.

Underfull \hbox (badness 10000) in paragraph at lines 26--30

 []


Underfull \hbox (badness 10000) in paragraph at lines 26--30

 []


Underfull \hbox (badness 10000) in paragraph at lines 26--30

 []


Underfull \hbox (badness 10000) in paragraph at lines 32--35

 []


Underfull \hbox (badness 10000) in paragraph at lines 32--35

 []


Underfull \hbox (badness 10000) in paragraph at lines 37--40

 []


Underfull \hbox (badness 10000) in paragraph at lines 37--40

 []


Underfull \hbox (badness 10000) in paragraph at lines 42--45

 []


Underfull \hbox (badness 10000) in paragraph at lines 47--50

 []


Underfull \hbox (badness 10000) in paragraph at lines 52--60

 []


Underfull \hbox (badness 10000) in paragraph at lines 52--60

 []


Underfull \hbox (badness 10000) in paragraph at lines 52--60

 []


Underfull \hbox (badness 10000) in paragraph at lines 52--60

 []


Underfull \hbox (badness 10000) in paragraph at lines 52--60

 []


Underfull \hbox (badness 10000) in paragraph at lines 52--60

 []

[1

{C:/Users/Vikki Deng/AppData/Local/MiKTeX/2.9/pdftex/config/pdftex.map}]
Underfull \hbox (badness 10000) in paragraph at lines 62--65

 []


Underfull \hbox (badness 10000) in paragraph at lines 67--70

 []


Underfull \hbox (badness 10000) in paragraph at lines 72--75

 []


Underfull \hbox (badness 10000) in paragraph at lines 77--80

 []


Underfull \hbox (badness 10000) in paragraph at lines 82--85

 []


Underfull \hbox (badness 10000) in paragraph at lines 88--91

 []


Underfull \hbox (badness 10000) in paragraph at lines 94--97

 []


Underfull \hbox (badness 10000) in paragraph at lines 100--103

 []


Underfull \hbox (badness 10000) in paragraph at lines 106--109

 []


Underfull \hbox (badness 10000) in paragraph at lines 111--114

 []


Underfull \hbox (badness 10000) in paragraph at lines 117--119

 []

[2]
Underfull \hbox (badness 10000) in paragraph at lines 122--124

 []


Underfull \hbox (badness 10000) in paragraph at lines 127--129

 []


Underfull \hbox (badness 10000) in paragraph at lines 132--134

 []


Underfull \hbox (badness 10000) in paragraph at lines 137--139

 []


Underfull \hbox (badness 10000) in paragraph at lines 141--143

 []


Underfull \hbox (badness 10000) in paragraph at lines 147--151

 []


Underfull \hbox (badness 10000) in paragraph at lines 147--151

 []


Underfull \hbox (badness 10000) in paragraph at lines 153--155

 []


Underfull \hbox (badness 10000) in paragraph at lines 157--160

 []


Underfull \hbox (badness 10000) in paragraph at lines 163--165

 []

[3]
Underfull \hbox (badness 10000) in paragraph at lines 173--175

 []


Underfull \hbox (badness 10000) in paragraph at lines 181--185

 []


Underfull \hbox (badness 10000) in paragraph at lines 181--185

 []


Underfull \hbox (badness 10000) in paragraph at lines 181--185

 []


Underfull \hbox (badness 10000) in paragraph at lines 187--189

 []

[4]
Underfull \hbox (badness 10000) in paragraph at lines 225--227

 []


Underfull \hbox (badness 10000) in paragraph at lines 233--235

 []


Underfull \hbox (badness 10000) in paragraph at lines 242--247

 []


Underfull \hbox (badness 10000) in paragraph at lines 242--247

 []


Underfull \hbox (badness 10000) in paragraph at lines 255--271

 []


Underfull \hbox (badness 10000) in paragraph at lines 255--271

 []


Underfull \hbox (badness 10000) in paragraph at lines 255--271

 []


Underfull \hbox (badness 10000) in paragraph at lines 255--271

 []


Underfull \hbox (badness 10000) in paragraph at lines 255--271

 []


Underfull \hbox (badness 10000) in paragraph at lines 255--271

 []


Underfull \hbox (badness 10000) in paragraph at lines 255--271

 []


Underfull \hbox (badness 10000) in paragraph at lines 255--271

 []


Underfull \hbox (badness 10000) in paragraph at lines 255--271

 []


Underfull \hbox (badness 10000) in paragraph at lines 255--271

 []

[5]
Underfull \hbox (badness 10000) in paragraph at lines 273--280

 []


Underfull \hbox (badness 10000) in paragraph at lines 284--285

 []


Underfull \hbox (badness 10000) in paragraph at lines 286--287

 []


Underfull \hbox (badness 10000) in paragraph at lines 286--287

 []

[6]
Underfull \hbox (badness 10000) in paragraph at lines 299--306

 []


Underfull \hbox (badness 10000) in paragraph at lines 299--306

 []


Underfull \hbox (badness 10000) in paragraph at lines 299--306

 []


Underfull \hbox (badness 10000) in paragraph at lines 299--306

 []


Underfull \hbox (badness 10000) in paragraph at lines 299--306

 []


Underfull \hbox (badness 10000) in paragraph at lines 314--317

 []


Underfull \hbox (badness 10000) in paragraph at lines 320--322

 []


Underfull \hbox (badness 10000) in paragraph at lines 323--326

 []


Underfull \hbox (badness 10000) in paragraph at lines 323--326

 []


Underfull \hbox (badness 10000) in paragraph at lines 323--326

 []


Underfull \hbox (badness 10000) in paragraph at lines 323--326

 []

[7]
Underfull \hbox (badness 10000) in paragraph at lines 327--330

 []


Underfull \hbox (badness 10000) in paragraph at lines 335--336

 []


Underfull \hbox (badness 10000) in paragraph at lines 344--351

 []


Underfull \hbox (badness 10000) in paragraph at lines 344--351

 []


Underfull \hbox (badness 10000) in paragraph at lines 344--351

 []


Underfull \hbox (badness 10000) in paragraph at lines 344--351

 []


Underfull \hbox (badness 10000) in paragraph at lines 344--351

 []


Underfull \hbox (badness 10000) in paragraph at lines 360--361

 []

<langunion.jpg, id=34, 165.11688pt x 87.82813pt>
File: langunion.jpg Graphic file (type jpg)
<use langunion.jpg>
Package pdftex.def Info: langunion.jpg  used on input line 365.
(pdftex.def)             Requested size: 115.58102pt x 61.47925pt.
[8 <./langunion.jpg>]
<langcomposition0.jpg, id=38, 174.6525pt x 61.73062pt>
File: langcomposition0.jpg Graphic file (type jpg)
<use langcomposition0.jpg>
Package pdftex.def Info: langcomposition0.jpg  used on input line 376.
(pdftex.def)             Requested size: 122.2559pt x 43.21112pt.
<langcomposition.jpg, id=39, 171.64125pt x 69.76062pt>
File: langcomposition.jpg Graphic file (type jpg)
<use langcomposition.jpg>
Package pdftex.def Info: langcomposition.jpg  used on input line 380.
(pdftex.def)             Requested size: 120.14804pt x 48.83209pt.
<langkleen0.jpg, id=40, 97.36375pt x 61.73062pt>
File: langkleen0.jpg Graphic file (type jpg)
<use langkleen0.jpg>
Package pdftex.def Info: langkleen0.jpg  used on input line 384.
(pdftex.def)             Requested size: 68.15414pt x 43.21112pt.
<langkleen.jpg, id=41, 129.48375pt x 82.3075pt>
File: langkleen.jpg Graphic file (type jpg)
<use langkleen.jpg>
Package pdftex.def Info: langkleen.jpg  used on input line 388.
(pdftex.def)             Requested size: 90.63799pt x 57.61484pt.

Underfull \hbox (badness 10000) in paragraph at lines 370--392

 []


Underfull \hbox (badness 10000) in paragraph at lines 370--392

 []


Underfull \hbox (badness 10000) in paragraph at lines 370--392

 []

[9 <./langcomposition0.jpg> <./langcomposition.jpg> <./langkleen0.jpg> <./langk
leen.jpg>]
Underfull \hbox (badness 10000) in paragraph at lines 393--394

 []


Underfull \hbox (badness 10000) in paragraph at lines 398--399

 []

[10]
Underfull \hbox (badness 10000) in paragraph at lines 408--409

 []


Underfull \hbox (badness 10000) in paragraph at lines 454--455

 []


Underfull \hbox (badness 10000) in paragraph at lines 454--455

 []

[11]
Underfull \hbox (badness 10000) in paragraph at lines 456--464

 []


Underfull \hbox (badness 10000) in paragraph at lines 456--464

 []


Underfull \hbox (badness 10000) in paragraph at lines 456--464

 []


Underfull \hbox (badness 10000) in paragraph at lines 456--464

 []


Underfull \hbox (badness 10000) in paragraph at lines 456--464

 []


Underfull \hbox (badness 10000) in paragraph at lines 456--464

 []


Underfull \hbox (badness 10000) in paragraph at lines 456--464

 []


Underfull \hbox (badness 10000) in paragraph at lines 470--473

 []


Underfull \hbox (badness 10000) in paragraph at lines 470--473

 []


Underfull \hbox (badness 10000) in paragraph at lines 475--478

 []


Underfull \hbox (badness 10000) in paragraph at lines 475--478

 []


Underfull \hbox (badness 10000) in paragraph at lines 475--478

 []

[12]
Underfull \hbox (badness 10000) in paragraph at lines 480--483

 []


Underfull \hbox (badness 10000) in paragraph at lines 489--490

 []


Underfull \hbox (badness 10000) in paragraph at lines 491--499

 []


Underfull \hbox (badness 10000) in paragraph at lines 491--499

 []


Underfull \hbox (badness 10000) in paragraph at lines 491--499

 []


Underfull \hbox (badness 10000) in paragraph at lines 491--499

 []


Underfull \hbox (badness 10000) in paragraph at lines 491--499

 []

[13]
Underfull \hbox (badness 10000) in paragraph at lines 501--507

 []


Underfull \hbox (badness 10000) in paragraph at lines 501--507

 []


Underfull \hbox (badness 10000) in paragraph at lines 501--507

 []


Underfull \hbox (badness 10000) in paragraph at lines 501--507

 []


Underfull \hbox (badness 10000) in paragraph at lines 511--513

 []


Underfull \hbox (badness 10000) in paragraph at lines 515--518

 []


Underfull \hbox (badness 10000) in paragraph at lines 515--518

 []


Underfull \hbox (badness 10000) in paragraph at lines 521--527

 []


Underfull \hbox (badness 10000) in paragraph at lines 521--527

 []


Underfull \hbox (badness 10000) in paragraph at lines 532--533

 []


Underfull \hbox (badness 10000) in paragraph at lines 532--533

 []

[14]
Underfull \hbox (badness 10000) in paragraph at lines 534--539

 []


LaTeX Warning: Command \textvisiblespace invalid in math mode on input line 542
.


Underfull \hbox (badness 10000) in paragraph at lines 559--561

 []


Underfull \hbox (badness 10000) in paragraph at lines 559--561

 []


Underfull \hbox (badness 10000) in paragraph at lines 576--579

 []


Underfull \hbox (badness 10000) in paragraph at lines 576--579

 []


Underfull \hbox (badness 10000) in paragraph at lines 576--579

 []


Underfull \hbox (badness 10000) in paragraph at lines 576--579

 []

[15]
Underfull \hbox (badness 10000) in paragraph at lines 581--582

 []


Underfull \hbox (badness 10000) in paragraph at lines 588--591

 []


Underfull \hbox (badness 10000) in paragraph at lines 588--591

 []


Underfull \hbox (badness 10000) in paragraph at lines 593--598

 []


Underfull \hbox (badness 10000) in paragraph at lines 593--598

 []


Underfull \hbox (badness 10000) in paragraph at lines 593--598

 []


Underfull \hbox (badness 10000) in paragraph at lines 603--604

 []


Underfull \hbox (badness 10000) in paragraph at lines 610--616

 []


Underfull \hbox (badness 10000) in paragraph at lines 610--616

 []


Underfull \hbox (badness 10000) in paragraph at lines 619--622

 []


Underfull \hbox (badness 10000) in paragraph at lines 619--622

 []


Underfull \hbox (badness 10000) in paragraph at lines 619--622

 []

[16]
Underfull \hbox (badness 10000) in paragraph at lines 633--634

 []


Underfull \hbox (badness 10000) in paragraph at lines 637--639

 []


Underfull \hbox (badness 10000) in paragraph at lines 643--645

 []


Underfull \hbox (badness 10000) in paragraph at lines 643--645

 []


Underfull \hbox (badness 10000) in paragraph at lines 653--654

 []


Underfull \hbox (badness 10000) in paragraph at lines 653--654

 []

[17]
Underfull \hbox (badness 10000) in paragraph at lines 655--656

 []


Underfull \hbox (badness 10000) in paragraph at lines 667--669

 []

[18]
Underfull \hbox (badness 10000) in paragraph at lines 670--672

 []


Underfull \hbox (badness 10000) in paragraph at lines 670--672

 []


Underfull \hbox (badness 10000) in paragraph at lines 683--687

 []


Underfull \hbox (badness 10000) in paragraph at lines 683--687

 []


Underfull \hbox (badness 10000) in paragraph at lines 691--699

 []


Underfull \hbox (badness 10000) in paragraph at lines 691--699

 []


Underfull \hbox (badness 10000) in paragraph at lines 691--699

 []


Underfull \hbox (badness 10000) in paragraph at lines 691--699

 []

[19]
Underfull \hbox (badness 10000) in paragraph at lines 701--703

 []


Underfull \hbox (badness 10000) in paragraph at lines 705--711

 []


Underfull \hbox (badness 10000) in paragraph at lines 705--711

 []


Underfull \hbox (badness 10000) in paragraph at lines 705--711

 []


Underfull \hbox (badness 10000) in paragraph at lines 705--711

 []


Underfull \hbox (badness 10000) in paragraph at lines 705--711

 []

[20] (Summary2.aux)

LaTeX Warning: There were multiply-defined labels.

 ) 
Here is how much of TeX's memory you used:
 3377 strings out of 480934
 45903 string characters out of 2897575
 298779 words of memory out of 3000000
 19228 multiletter control sequences out of 15000+200000
 535631 words of font info for 37 fonts, out of 3000000 for 9000
 1141 hyphenation exceptions out of 8191
 30i,10n,37p,542b,247s stack positions out of 5000i,500n,10000p,200000b,50000s
 <C:\Users\Vikki Deng\AppData\Local\MiKTeX\2.9\fonts/pk/ljfour/jknappen/ec/dp
i600\tcrm1000.pk><C:/Users/Vikki Deng/AppData/Local/Programs/MiKTeX 2.9/fonts/t
ype1/public/amsfonts/cm/cmbx10.pfb><C:/Users/Vikki Deng/AppData/Local/Programs/
MiKTeX 2.9/fonts/type1/public/amsfonts/cm/cmbx12.pfb><C:/Users/Vikki Deng/AppDa
ta/Local/Programs/MiKTeX 2.9/fonts/type1/public/amsfonts/cm/cmmi10.pfb><C:/User
s/Vikki Deng/AppData/Local/Programs/MiKTeX 2.9/fonts/type1/public/amsfonts/cm/c
mmi7.pfb><C:/Users/Vikki Deng/AppData/Local/Programs/MiKTeX 2.9/fonts/type1/pub
lic/amsfonts/cm/cmr10.pfb><C:/Users/Vikki Deng/AppData/Local/Programs/MiKTeX 2.
9/fonts/type1/public/amsfonts/cm/cmr7.pfb><C:/Users/Vikki Deng/AppData/Local/Pr
ograms/MiKTeX 2.9/fonts/type1/public/amsfonts/cm/cmsy10.pfb><C:/Users/Vikki Den
g/AppData/Local/Programs/MiKTeX 2.9/fonts/type1/public/amsfonts/cm/cmsy7.pfb><C
:/Users/Vikki Deng/AppData/Local/Programs/MiKTeX 2.9/fonts/type1/public/amsfont
s/cm/cmti10.pfb><C:/Users/Vikki Deng/AppData/Local/Programs/MiKTeX 2.9/fonts/ty
pe1/public/amsfonts/symbols/msbm10.pfb>
Output written on Summary2.pdf (20 pages, 253814 bytes).
PDF statistics:
 118 PDF objects out of 1000 (max. 8388607)
 0 named destinations out of 1000 (max. 500000)
 26 words of extra memory for PDF output out of 10000 (max. 10000000)

